c:\users\leein\desktop\pairtetris\proj.win32\debug.win32\main.obj
c:\users\leein\desktop\pairtetris\proj.win32\debug.win32\helloworldscene.obj
c:\users\leein\desktop\pairtetris\proj.win32\debug.win32\appdelegate.obj
c:\users\leein\desktop\pairtetris\proj.win32\debug.win32\vc120.pdb
c:\users\leein\desktop\pairtetris\proj.win32\debug.win32\gametitlescene.obj
c:\users\leein\desktop\pairtetris\proj.win32\debug.win32\ingamescene.obj
d:\svn\finaltetris5\pairtetris\proj.win32\debug.win32\ingamescene.obj
d:\svn\finaltetris5\pairtetris\proj.win32\debug.win32\gametitlescene.obj
d:\svn\finaltetris5\pairtetris\proj.win32\debug.win32\appdelegate.obj
d:\svn\finaltetris5\pairtetris\proj.win32\debug.win32\main.obj
d:\svn\finaltetris5\pairtetris\proj.win32\debug.win32\vc120.pdb
d:\svn\finaltetris5\pairtetris\proj.win32\debug.win32\cblockobject.obj
d:\svn\finaltetris5\pairtetris\proj.win32\debug.win32\vc120.idb
c:\users\leein\desktop\pairtetris\proj.win32\debug.win32\pairtetris.ilk
c:\users\leein\desktop\pairtetris\proj.win32\debug.win32\pairtetris.exe
c:\users\leein\desktop\pairtetris\proj.win32\debug.win32\pairtetris.pdb
d:\svn\finaltetris5\pairtetris\proj.win32\debug.win32\pairtetris.ilk
d:\svn\finaltetris5\pairtetris\proj.win32\debug.win32\pairtetris.exe
d:\svn\finaltetris5\pairtetris\proj.win32\debug.win32\pairtetris.pdb
c:\users\leein\desktop\pairtetris\proj.win32\debug.win32\game.res
d:\svn\finaltetris5\pairtetris\proj.win32\debug.win32\game.res
d:\svn\finaltetris5\pairtetris\proj.win32\debug.win32\helloworldscene.obj
d:\svn\finaltetris5\pairtetris\proj.win32\debug.win32\pairtetris.tlog\cl.command.1.tlog
d:\svn\finaltetris5\pairtetris\proj.win32\debug.win32\pairtetris.tlog\cl.read.1.tlog
d:\svn\finaltetris5\pairtetris\proj.win32\debug.win32\pairtetris.tlog\cl.write.1.tlog
d:\svn\finaltetris5\pairtetris\proj.win32\debug.win32\pairtetris.tlog\link.command.1.tlog
d:\svn\finaltetris5\pairtetris\proj.win32\debug.win32\pairtetris.tlog\link.read.1.tlog
d:\svn\finaltetris5\pairtetris\proj.win32\debug.win32\pairtetris.tlog\link.write.1.tlog
d:\svn\finaltetris5\pairtetris\proj.win32\debug.win32\pairtetris.tlog\rc.command.1.tlog
d:\svn\finaltetris5\pairtetris\proj.win32\debug.win32\pairtetris.tlog\rc.read.1.tlog
d:\svn\finaltetris5\pairtetris\proj.win32\debug.win32\pairtetris.tlog\rc.write.1.tlog
