c:\users\leein\desktop\pairtetris\cocos2d\cocos\2d\debug.win32\ccautoreleasepool.obj
c:\users\leein\desktop\pairtetris\cocos2d\cocos\2d\debug.win32\ccref.obj
c:\users\leein\desktop\pairtetris\cocos2d\cocos\2d\debug.win32\plane.obj
c:\users\leein\desktop\pairtetris\cocos2d\cocos\2d\debug.win32\vec3.obj
c:\users\leein\desktop\pairtetris\cocos2d\cocos\2d\debug.win32\ccphysicscontact.obj
c:\users\leein\desktop\pairtetris\cocos2d\cocos\2d\debug.win32\base64.obj
c:\users\leein\desktop\pairtetris\cocos2d\cocos\2d\debug.win32\ccactioncamera.obj
c:\users\leein\desktop\pairtetris\cocos2d\cocos\2d\debug.win32\ccactionpageturn3d.obj
c:\users\leein\desktop\pairtetris\cocos2d\cocos\2d\debug.win32\ccclippingnode.obj
c:\users\leein\desktop\pairtetris\cocos2d\cocos\2d\debug.win32\cceventacceleration.obj
c:\users\leein\desktop\pairtetris\cocos2d\cocos\2d\debug.win32\cceventlisteneracceleration.obj
c:\users\leein\desktop\pairtetris\cocos2d\cocos\2d\debug.win32\ccfontatlascache.obj
c:\users\leein\desktop\pairtetris\cocos2d\cocos\2d\debug.win32\ccnodegrid.obj
c:\users\leein\desktop\pairtetris\cocos2d\cocos\2d\debug.win32\ccmenuitem.obj
c:\users\leein\desktop\pairtetris\cocos2d\cocos\2d\debug.win32\ccprofiling.obj
c:\users\leein\desktop\pairtetris\cocos2d\cocos\2d\debug.win32\ccshadercache.obj
c:\users\leein\desktop\pairtetris\cocos2d\cocos\2d\debug.win32\cctexturecache.obj
c:\users\leein\desktop\pairtetris\cocos2d\cocos\2d\debug.win32\cctransitionpageturn.obj
c:\users\leein\desktop\pairtetris\cocos2d\cocos\2d\debug.win32\ccfileutils.obj
c:\users\leein\desktop\pairtetris\cocos2d\cocos\2d\debug.win32\tgalib.obj
c:\users\leein\desktop\pairtetris\cocos2d\cocos\2d\debug.win32\edtaa3func.obj
c:\users\leein\desktop\pairtetris\cocos2d\cocos\2d\debug.win32\ccdatavisitor.obj
c:\users\leein\desktop\pairtetris\cocos2d\cocos\2d\debug.win32\etc1.obj
c:\users\leein\desktop\pairtetris\cocos2d\cocos\2d\debug.win32\s3tc.obj
c:\users\leein\desktop\pairtetris\cocos2d\cocos\2d\debug.win32\neon_matrix_impl.obj
c:\users\leein\desktop\pairtetris\cocos2d\cocos\2d\debug.win32\ray2.obj
c:\users\leein\desktop\pairtetris\cocos2d\cocos\2d\debug.win32\ccphysicsbody.obj
c:\users\leein\desktop\pairtetris\cocos2d\cocos\2d\debug.win32\ccactionease.obj
c:\users\leein\desktop\pairtetris\cocos2d\cocos\2d\debug.win32\ccactiontiledgrid.obj
c:\users\leein\desktop\pairtetris\cocos2d\cocos\2d\debug.win32\cccomponentcontainer.obj
c:\users\leein\desktop\pairtetris\cocos2d\cocos\2d\debug.win32\cceventkeyboard.obj
c:\users\leein\desktop\pairtetris\cocos2d\cocos\2d\debug.win32\cceventlistener.obj
c:\users\leein\desktop\pairtetris\cocos2d\cocos\2d\debug.win32\cceventmouse.obj
c:\users\leein\desktop\pairtetris\cocos2d\cocos\2d\debug.win32\ccfontcharmap.obj
c:\users\leein\desktop\pairtetris\cocos2d\cocos\2d\debug.win32\ccimedispatcher.obj
c:\users\leein\desktop\pairtetris\cocos2d\cocos\2d\debug.win32\cclayer.obj
c:\users\leein\desktop\pairtetris\cocos2d\cocos\2d\debug.win32\ccparticleexamples.obj
c:\users\leein\desktop\pairtetris\cocos2d\cocos\2d\debug.win32\ccscriptsupport.obj
c:\users\leein\desktop\pairtetris\cocos2d\cocos\2d\debug.win32\cctextfieldttf.obj
c:\users\leein\desktop\pairtetris\cocos2d\cocos\2d\debug.win32\cctmxtiledmap.obj
c:\users\leein\desktop\pairtetris\cocos2d\cocos\2d\debug.win32\ccutf8.obj
c:\users\leein\desktop\pairtetris\cocos2d\cocos\2d\debug.win32\ccglview.obj
c:\users\leein\desktop\pairtetris\cocos2d\cocos\2d\debug.win32\ccmaterialmanager.obj
c:\users\leein\desktop\pairtetris\cocos2d\cocos\2d\debug.win32\tinyxml2.obj
c:\users\leein\desktop\pairtetris\cocos2d\cocos\2d\debug.win32\ccgeometry.obj
c:\users\leein\desktop\pairtetris\cocos2d\cocos\2d\debug.win32\ccstring.obj
c:\users\leein\desktop\pairtetris\cocos2d\cocos\2d\debug.win32\ccphysicsbodyinfo_chipmunk.obj
c:\users\leein\desktop\pairtetris\cocos2d\cocos\2d\debug.win32\ccphysicscontactinfo_chipmunk.obj
c:\users\leein\desktop\pairtetris\cocos2d\cocos\2d\debug.win32\ccphysicsworldinfo_chipmunk.obj
c:\users\leein\desktop\pairtetris\cocos2d\cocos\2d\debug.win32\ccactiongrid3d.obj
c:\users\leein\desktop\pairtetris\cocos2d\cocos\2d\debug.win32\ccanimationcache.obj
c:\users\leein\desktop\pairtetris\cocos2d\cocos\2d\debug.win32\ccdrawnode.obj
c:\users\leein\desktop\pairtetris\cocos2d\cocos\2d\debug.win32\cceventlistenercustom.obj
c:\users\leein\desktop\pairtetris\cocos2d\cocos\2d\debug.win32\ccfontatlas.obj
c:\users\leein\desktop\pairtetris\cocos2d\cocos\2d\debug.win32\ccgrid.obj
c:\users\leein\desktop\pairtetris\cocos2d\cocos\2d\debug.win32\ccmenu.obj
c:\users\leein\desktop\pairtetris\cocos2d\cocos\2d\debug.win32\ccparticlesystem.obj
c:\users\leein\desktop\pairtetris\cocos2d\cocos\2d\debug.win32\ccsprite.obj
c:\users\leein\desktop\pairtetris\cocos2d\cocos\2d\debug.win32\cctmxlayer.obj
c:\users\leein\desktop\pairtetris\cocos2d\cocos\2d\debug.win32\cctweenfunction.obj
c:\users\leein\desktop\pairtetris\cocos2d\cocos\2d\debug.win32\ccimage.obj
c:\users\leein\desktop\pairtetris\cocos2d\cocos\2d\debug.win32\ccbatchcommand.obj
c:\users\leein\desktop\pairtetris\cocos2d\cocos\2d\debug.win32\ccquadcommand.obj
c:\users\leein\desktop\pairtetris\cocos2d\cocos\2d\debug.win32\ioapi.obj
c:\users\leein\desktop\pairtetris\cocos2d\cocos\2d\debug.win32\ccdata.obj
c:\users\leein\desktop\pairtetris\cocos2d\cocos\2d\debug.win32\ccvalue.obj
c:\users\leein\desktop\pairtetris\cocos2d\cocos\2d\debug.win32\ccphysicsjointinfo_chipmunk.obj
c:\users\leein\desktop\pairtetris\cocos2d\cocos\2d\debug.win32\ccactioncatmullrom.obj
c:\users\leein\desktop\pairtetris\cocos2d\cocos\2d\debug.win32\ccactionprogresstimer.obj
c:\users\leein\desktop\pairtetris\cocos2d\cocos\2d\debug.win32\cccomponent.obj
c:\users\leein\desktop\pairtetris\cocos2d\cocos\2d\debug.win32\ccdeprecated.obj
c:\users\leein\desktop\pairtetris\cocos2d\cocos\2d\debug.win32\cceventtouch.obj
c:\users\leein\desktop\pairtetris\cocos2d\cocos\2d\debug.win32\ccglprogram.obj
c:\users\leein\desktop\pairtetris\cocos2d\cocos\2d\debug.win32\cclabelbmfont.obj
c:\users\leein\desktop\pairtetris\cocos2d\cocos\2d\debug.win32\ccnode.obj
c:\users\leein\desktop\pairtetris\cocos2d\cocos\2d\debug.win32\ccscene.obj
c:\users\leein\desktop\pairtetris\cocos2d\cocos\2d\debug.win32\ccspriteframecache.obj
c:\users\leein\desktop\pairtetris\cocos2d\cocos\2d\debug.win32\cctouch.obj
c:\users\leein\desktop\pairtetris\cocos2d\cocos\2d\debug.win32\ccuserdefault.obj
c:\users\leein\desktop\pairtetris\cocos2d\cocos\2d\debug.win32\ccapplication.obj
c:\users\leein\desktop\pairtetris\cocos2d\cocos\2d\debug.win32\ccgroupcommand.obj
c:\users\leein\desktop\pairtetris\cocos2d\cocos\2d\debug.win32\ccarray.obj
c:\users\leein\desktop\pairtetris\cocos2d\cocos\2d\debug.win32\ccset.obj
c:\users\leein\desktop\pairtetris\cocos2d\cocos\2d\debug.win32\aabb.obj
c:\users\leein\desktop\pairtetris\cocos2d\cocos\2d\debug.win32\mat4stack.obj
c:\users\leein\desktop\pairtetris\cocos2d\cocos\2d\debug.win32\mat4.obj
c:\users\leein\desktop\pairtetris\cocos2d\cocos\2d\debug.win32\utility.obj
c:\users\leein\desktop\pairtetris\cocos2d\cocos\2d\debug.win32\vec4.obj
c:\users\leein\desktop\pairtetris\cocos2d\cocos\2d\debug.win32\ccphysicsshape.obj
c:\users\leein\desktop\pairtetris\cocos2d\cocos\2d\debug.win32\ccactiongrid.obj
c:\users\leein\desktop\pairtetris\cocos2d\cocos\2d\debug.win32\ccactiontween.obj
c:\users\leein\desktop\pairtetris\cocos2d\cocos\2d\debug.win32\ccconfiguration.obj
c:\users\leein\desktop\pairtetris\cocos2d\cocos\2d\debug.win32\cceventdispatcher.obj
c:\users\leein\desktop\pairtetris\cocos2d\cocos\2d\debug.win32\ccfontfreetype.obj
c:\users\leein\desktop\pairtetris\cocos2d\cocos\2d\debug.win32\cclabelatlas.obj
c:\users\leein\desktop\pairtetris\cocos2d\cocos\2d\debug.win32\ccparallaxnode.obj
c:\users\leein\desktop\pairtetris\cocos2d\cocos\2d\debug.win32\ccprogresstimer.obj
c:\users\leein\desktop\pairtetris\cocos2d\cocos\2d\debug.win32\ccspriteframe.obj
c:\users\leein\desktop\pairtetris\cocos2d\cocos\2d\debug.win32\cctmxobjectgroup.obj
c:\users\leein\desktop\pairtetris\cocos2d\cocos\2d\debug.win32\cctransitionprogress.obj
c:\users\leein\desktop\pairtetris\cocos2d\cocos\2d\debug.win32\ccthread.obj
c:\users\leein\desktop\pairtetris\cocos2d\cocos\2d\debug.win32\cccustomcommand.obj
c:\users\leein\desktop\pairtetris\cocos2d\cocos\2d\debug.win32\ccrendermaterial.obj
c:\users\leein\desktop\pairtetris\cocos2d\cocos\2d\debug.win32\ziputils.obj
c:\users\leein\desktop\pairtetris\cocos2d\cocos\2d\debug.win32\unzip.obj
c:\users\leein\desktop\pairtetris\cocos2d\cocos\2d\debug.win32\ccdictionary.obj
c:\users\leein\desktop\pairtetris\cocos2d\cocos\2d\debug.win32\matrix.obj
c:\users\leein\desktop\pairtetris\cocos2d\cocos\2d\debug.win32\ray3.obj
c:\users\leein\desktop\pairtetris\cocos2d\cocos\2d\debug.win32\ccphysicsworld.obj
c:\users\leein\desktop\pairtetris\cocos2d\cocos\2d\debug.win32\ccactioninterval.obj
c:\users\leein\desktop\pairtetris\cocos2d\cocos\2d\debug.win32\cccarray.obj
c:\users\leein\desktop\pairtetris\cocos2d\cocos\2d\debug.win32\ccdrawingprimitives.obj
c:\users\leein\desktop\pairtetris\cocos2d\cocos\2d\debug.win32\cceventlistenerkeyboard.obj
c:\users\leein\desktop\pairtetris\cocos2d\cocos\2d\debug.win32\ccfontfnt.obj
c:\users\leein\desktop\pairtetris\cocos2d\cocos\2d\debug.win32\cclabel.obj
c:\users\leein\desktop\pairtetris\cocos2d\cocos\2d\debug.win32\ccparticlebatchnode.obj
c:\users\leein\desktop\pairtetris\cocos2d\cocos\2d\debug.win32\ccscheduler.obj
c:\users\leein\desktop\pairtetris\cocos2d\cocos\2d\debug.win32\cctextureatlas.obj
c:\users\leein\desktop\pairtetris\cocos2d\cocos\2d\debug.win32\cctmxxmlparser.obj
c:\users\leein\desktop\pairtetris\cocos2d\cocos\2d\debug.win32\ccvertex.obj
c:\users\leein\desktop\pairtetris\cocos2d\cocos\2d\debug.win32\cccommon.obj
c:\users\leein\desktop\pairtetris\cocos2d\cocos\2d\debug.win32\ccfileutilswin32.obj
c:\users\leein\desktop\pairtetris\cocos2d\cocos\2d\debug.win32\ccrenderer.obj
c:\users\leein\desktop\pairtetris\cocos2d\cocos\2d\debug.win32\atitc.obj
c:\users\leein\desktop\pairtetris\cocos2d\cocos\2d\debug.win32\ccconsole.obj
c:\users\leein\desktop\pairtetris\cocos2d\cocos\2d\debug.win32\ccphysicsshapeinfo_chipmunk.obj
c:\users\leein\desktop\pairtetris\cocos2d\cocos\2d\debug.win32\ccaction.obj
c:\users\leein\desktop\pairtetris\cocos2d\cocos\2d\debug.win32\ccactionmanager.obj
c:\users\leein\desktop\pairtetris\cocos2d\cocos\2d\debug.win32\ccatlasnode.obj
c:\users\leein\desktop\pairtetris\cocos2d\cocos\2d\debug.win32\ccevent.obj
c:\users\leein\desktop\pairtetris\cocos2d\cocos\2d\debug.win32\cceventcustom.obj
c:\users\leein\desktop\pairtetris\cocos2d\cocos\2d\debug.win32\cceventlistenermouse.obj
c:\users\leein\desktop\pairtetris\cocos2d\cocos\2d\debug.win32\ccfont.obj
c:\users\leein\desktop\pairtetris\cocos2d\cocos\2d\debug.win32\ccgrabber.obj
c:\users\leein\desktop\pairtetris\cocos2d\cocos\2d\debug.win32\cclabelttf.obj
c:\users\leein\desktop\pairtetris\cocos2d\cocos\2d\debug.win32\ccnotificationcenter.obj
c:\users\leein\desktop\pairtetris\cocos2d\cocos\2d\debug.win32\ccparticlesystemquad.obj
c:\users\leein\desktop\pairtetris\cocos2d\cocos\2d\debug.win32\ccshaders.obj
c:\users\leein\desktop\pairtetris\cocos2d\cocos\2d\debug.win32\ccspritebatchnode.obj
c:\users\leein\desktop\pairtetris\cocos2d\cocos\2d\debug.win32\cctilemapatlas.obj
c:\users\leein\desktop\pairtetris\cocos2d\cocos\2d\debug.win32\cctypes.obj
c:\users\leein\desktop\pairtetris\cocos2d\cocos\2d\debug.win32\ccutils.obj
c:\users\leein\desktop\pairtetris\cocos2d\cocos\2d\debug.win32\cocos2d.obj
c:\users\leein\desktop\pairtetris\cocos2d\cocos\2d\debug.win32\ccglviewprotocol.obj
c:\users\leein\desktop\pairtetris\cocos2d\cocos\2d\debug.win32\ccstdc.obj
c:\users\leein\desktop\pairtetris\cocos2d\cocos\2d\debug.win32\ccfrustum.obj
c:\users\leein\desktop\pairtetris\cocos2d\cocos\2d\debug.win32\transformutils.obj
c:\users\leein\desktop\pairtetris\cocos2d\cocos\2d\debug.win32\ccaffinetransform.obj
c:\users\leein\desktop\pairtetris\cocos2d\cocos\2d\debug.win32\ccns.obj
c:\users\leein\desktop\pairtetris\cocos2d\cocos\2d\debug.win32\mat3.obj
c:\users\leein\desktop\pairtetris\cocos2d\cocos\2d\debug.win32\quaternion.obj
c:\users\leein\desktop\pairtetris\cocos2d\cocos\2d\debug.win32\vec2.obj
c:\users\leein\desktop\pairtetris\cocos2d\cocos\2d\debug.win32\ccphysicsjoint.obj
c:\users\leein\desktop\pairtetris\cocos2d\cocos\2d\debug.win32\ccactioninstant.obj
c:\users\leein\desktop\pairtetris\cocos2d\cocos\2d\debug.win32\ccanimation.obj
c:\users\leein\desktop\pairtetris\cocos2d\cocos\2d\debug.win32\ccdirector.obj
c:\users\leein\desktop\pairtetris\cocos2d\cocos\2d\debug.win32\cceventlistenertouch.obj
c:\users\leein\desktop\pairtetris\cocos2d\cocos\2d\debug.win32\ccfpsimages.obj
c:\users\leein\desktop\pairtetris\cocos2d\cocos\2d\debug.win32\ccglstatecache.obj
c:\users\leein\desktop\pairtetris\cocos2d\cocos\2d\debug.win32\cclabeltextformatter.obj
c:\users\leein\desktop\pairtetris\cocos2d\cocos\2d\debug.win32\ccmotionstreak.obj
c:\users\leein\desktop\pairtetris\cocos2d\cocos\2d\debug.win32\ccrendertexture.obj
c:\users\leein\desktop\pairtetris\cocos2d\cocos\2d\debug.win32\cctexture2d.obj
c:\users\leein\desktop\pairtetris\cocos2d\cocos\2d\debug.win32\cctransition.obj
c:\users\leein\desktop\pairtetris\cocos2d\cocos\2d\debug.win32\ccsaxparser.obj
c:\users\leein\desktop\pairtetris\cocos2d\cocos\2d\debug.win32\ccdevice.obj
c:\users\leein\desktop\pairtetris\cocos2d\cocos\2d\debug.win32\ccrendercommand.obj
d:\svn\finaltetris5\pairtetris\cocos2d\cocos\2d\debug.win32\ccautoreleasepool.obj
d:\svn\finaltetris5\pairtetris\cocos2d\cocos\2d\debug.win32\ccdictionary.obj
d:\svn\finaltetris5\pairtetris\cocos2d\cocos\2d\debug.win32\ray3.obj
d:\svn\finaltetris5\pairtetris\cocos2d\cocos\2d\debug.win32\ccphysicsbody.obj
d:\svn\finaltetris5\pairtetris\cocos2d\cocos\2d\debug.win32\ccactiongrid3d.obj
d:\svn\finaltetris5\pairtetris\cocos2d\cocos\2d\debug.win32\ccanimation.obj
d:\svn\finaltetris5\pairtetris\cocos2d\cocos\2d\debug.win32\ccevent.obj
d:\svn\finaltetris5\pairtetris\cocos2d\cocos\2d\debug.win32\cceventdispatcher.obj
d:\svn\finaltetris5\pairtetris\cocos2d\cocos\2d\debug.win32\ccfontfreetype.obj
d:\svn\finaltetris5\pairtetris\cocos2d\cocos\2d\debug.win32\cclabelbmfont.obj
d:\svn\finaltetris5\pairtetris\cocos2d\cocos\2d\debug.win32\ccmotionstreak.obj
d:\svn\finaltetris5\pairtetris\cocos2d\cocos\2d\debug.win32\ccscene.obj
d:\svn\finaltetris5\pairtetris\cocos2d\cocos\2d\debug.win32\ccspriteframecache.obj
d:\svn\finaltetris5\pairtetris\cocos2d\cocos\2d\debug.win32\cctouch.obj
d:\svn\finaltetris5\pairtetris\cocos2d\cocos\2d\debug.win32\ccutf8.obj
d:\svn\finaltetris5\pairtetris\cocos2d\cocos\2d\debug.win32\ccglview.obj
d:\svn\finaltetris5\pairtetris\cocos2d\cocos\2d\debug.win32\ccquadcommand.obj
d:\svn\finaltetris5\pairtetris\cocos2d\cocos\2d\debug.win32\atitc.obj
d:\svn\finaltetris5\pairtetris\cocos2d\cocos\2d\debug.win32\ccref.obj
d:\svn\finaltetris5\pairtetris\cocos2d\cocos\2d\debug.win32\mat4stack.obj
d:\svn\finaltetris5\pairtetris\cocos2d\cocos\2d\debug.win32\mat4.obj
d:\svn\finaltetris5\pairtetris\cocos2d\cocos\2d\debug.win32\ray2.obj
d:\svn\finaltetris5\pairtetris\cocos2d\cocos\2d\debug.win32\vec2.obj
d:\svn\finaltetris5\pairtetris\cocos2d\cocos\2d\debug.win32\ccphysicsworld.obj
d:\svn\finaltetris5\pairtetris\cocos2d\cocos\2d\debug.win32\ccactioninterval.obj
d:\svn\finaltetris5\pairtetris\cocos2d\cocos\2d\debug.win32\ccatlasnode.obj
d:\svn\finaltetris5\pairtetris\cocos2d\cocos\2d\debug.win32\ccdrawingprimitives.obj
d:\svn\finaltetris5\pairtetris\cocos2d\cocos\2d\debug.win32\cceventlisteneracceleration.obj
d:\svn\finaltetris5\pairtetris\cocos2d\cocos\2d\debug.win32\ccfontatlascache.obj
d:\svn\finaltetris5\pairtetris\cocos2d\cocos\2d\debug.win32\ccnodegrid.obj
d:\svn\finaltetris5\pairtetris\cocos2d\cocos\2d\debug.win32\ccmenu.obj
d:\svn\finaltetris5\pairtetris\cocos2d\cocos\2d\debug.win32\ccparticlesystem.obj
d:\svn\finaltetris5\pairtetris\cocos2d\cocos\2d\debug.win32\ccsprite.obj
d:\svn\finaltetris5\pairtetris\cocos2d\cocos\2d\debug.win32\cctmxtiledmap.obj
d:\svn\finaltetris5\pairtetris\cocos2d\cocos\2d\debug.win32\cctweenfunction.obj
d:\svn\finaltetris5\pairtetris\cocos2d\cocos\2d\debug.win32\ccsaxparser.obj
d:\svn\finaltetris5\pairtetris\cocos2d\cocos\2d\debug.win32\ccstdc.obj
d:\svn\finaltetris5\pairtetris\cocos2d\cocos\2d\debug.win32\cccustomcommand.obj
d:\svn\finaltetris5\pairtetris\cocos2d\cocos\2d\debug.win32\ziputils.obj
d:\svn\finaltetris5\pairtetris\cocos2d\cocos\2d\debug.win32\ccaffinetransform.obj
d:\svn\finaltetris5\pairtetris\cocos2d\cocos\2d\debug.win32\ccgeometry.obj
d:\svn\finaltetris5\pairtetris\cocos2d\cocos\2d\debug.win32\aabb.obj
d:\svn\finaltetris5\pairtetris\cocos2d\cocos\2d\debug.win32\mat3.obj
d:\svn\finaltetris5\pairtetris\cocos2d\cocos\2d\debug.win32\quaternion.obj
d:\svn\finaltetris5\pairtetris\cocos2d\cocos\2d\debug.win32\vec4.obj
d:\svn\finaltetris5\pairtetris\cocos2d\cocos\2d\debug.win32\ccphysicsshape.obj
d:\svn\finaltetris5\pairtetris\cocos2d\cocos\2d\debug.win32\base64.obj
d:\svn\finaltetris5\pairtetris\cocos2d\cocos\2d\debug.win32\ccactioncatmullrom.obj
d:\svn\finaltetris5\pairtetris\cocos2d\cocos\2d\debug.win32\ccactionprogresstimer.obj
d:\svn\finaltetris5\pairtetris\cocos2d\cocos\2d\debug.win32\cccomponent.obj
d:\svn\finaltetris5\pairtetris\cocos2d\cocos\2d\debug.win32\ccdirector.obj
d:\svn\finaltetris5\pairtetris\cocos2d\cocos\2d\debug.win32\ccfontatlas.obj
d:\svn\finaltetris5\pairtetris\cocos2d\cocos\2d\debug.win32\ccgrid.obj
d:\svn\finaltetris5\pairtetris\cocos2d\cocos\2d\debug.win32\ccmenuitem.obj
d:\svn\finaltetris5\pairtetris\cocos2d\cocos\2d\debug.win32\ccprofiling.obj
d:\svn\finaltetris5\pairtetris\cocos2d\cocos\2d\debug.win32\ccscriptsupport.obj
d:\svn\finaltetris5\pairtetris\cocos2d\cocos\2d\debug.win32\cctextureatlas.obj
d:\svn\finaltetris5\pairtetris\cocos2d\cocos\2d\debug.win32\cctransition.obj
d:\svn\finaltetris5\pairtetris\cocos2d\cocos\2d\debug.win32\ccglviewprotocol.obj
d:\svn\finaltetris5\pairtetris\cocos2d\cocos\2d\debug.win32\ccbatchcommand.obj
d:\svn\finaltetris5\pairtetris\cocos2d\cocos\2d\debug.win32\ccrenderer.obj
d:\svn\finaltetris5\pairtetris\cocos2d\cocos\2d\debug.win32\ccarray.obj
d:\svn\finaltetris5\pairtetris\cocos2d\cocos\2d\debug.win32\ccdata.obj
d:\svn\finaltetris5\pairtetris\cocos2d\cocos\2d\debug.win32\ccvalue.obj
d:\svn\finaltetris5\pairtetris\cocos2d\cocos\2d\debug.win32\ccphysicsshapeinfo_chipmunk.obj
d:\svn\finaltetris5\pairtetris\cocos2d\cocos\2d\debug.win32\ccactionease.obj
d:\svn\finaltetris5\pairtetris\cocos2d\cocos\2d\debug.win32\ccactiontiledgrid.obj
d:\svn\finaltetris5\pairtetris\cocos2d\cocos\2d\debug.win32\cccomponentcontainer.obj
d:\svn\finaltetris5\pairtetris\cocos2d\cocos\2d\debug.win32\cceventcustom.obj
d:\svn\finaltetris5\pairtetris\cocos2d\cocos\2d\debug.win32\cceventlistenerkeyboard.obj
d:\svn\finaltetris5\pairtetris\cocos2d\cocos\2d\debug.win32\ccfontcharmap.obj
d:\svn\finaltetris5\pairtetris\cocos2d\cocos\2d\debug.win32\ccimedispatcher.obj
d:\svn\finaltetris5\pairtetris\cocos2d\cocos\2d\debug.win32\cclayer.obj
d:\svn\finaltetris5\pairtetris\cocos2d\cocos\2d\debug.win32\ccparticleexamples.obj
d:\svn\finaltetris5\pairtetris\cocos2d\cocos\2d\debug.win32\ccshaders.obj
d:\svn\finaltetris5\pairtetris\cocos2d\cocos\2d\debug.win32\ccspritebatchnode.obj
d:\svn\finaltetris5\pairtetris\cocos2d\cocos\2d\debug.win32\cctmxobjectgroup.obj
d:\svn\finaltetris5\pairtetris\cocos2d\cocos\2d\debug.win32\cctransitionprogress.obj
d:\svn\finaltetris5\pairtetris\cocos2d\cocos\2d\debug.win32\ccapplication.obj
d:\svn\finaltetris5\pairtetris\cocos2d\cocos\2d\debug.win32\ccmaterialmanager.obj
d:\svn\finaltetris5\pairtetris\cocos2d\cocos\2d\debug.win32\tinyxml2.obj
d:\svn\finaltetris5\pairtetris\cocos2d\cocos\2d\debug.win32\ccns.obj
d:\svn\finaltetris5\pairtetris\cocos2d\cocos\2d\debug.win32\matrix.obj
d:\svn\finaltetris5\pairtetris\cocos2d\cocos\2d\debug.win32\neon_matrix_impl.obj
d:\svn\finaltetris5\pairtetris\cocos2d\cocos\2d\debug.win32\plane.obj
d:\svn\finaltetris5\pairtetris\cocos2d\cocos\2d\debug.win32\utility.obj
d:\svn\finaltetris5\pairtetris\cocos2d\cocos\2d\debug.win32\vec3.obj
d:\svn\finaltetris5\pairtetris\cocos2d\cocos\2d\debug.win32\ccphysicsjoint.obj
d:\svn\finaltetris5\pairtetris\cocos2d\cocos\2d\debug.win32\ccactiongrid.obj
d:\svn\finaltetris5\pairtetris\cocos2d\cocos\2d\debug.win32\ccactiontween.obj
d:\svn\finaltetris5\pairtetris\cocos2d\cocos\2d\debug.win32\ccconfiguration.obj
d:\svn\finaltetris5\pairtetris\cocos2d\cocos\2d\debug.win32\cceventkeyboard.obj
d:\svn\finaltetris5\pairtetris\cocos2d\cocos\2d\debug.win32\cceventlistener.obj
d:\svn\finaltetris5\pairtetris\cocos2d\cocos\2d\debug.win32\cceventlistenertouch.obj
d:\svn\finaltetris5\pairtetris\cocos2d\cocos\2d\debug.win32\ccglprogram.obj
d:\svn\finaltetris5\pairtetris\cocos2d\cocos\2d\debug.win32\cclabelatlas.obj
d:\svn\finaltetris5\pairtetris\cocos2d\cocos\2d\debug.win32\ccnode.obj
d:\svn\finaltetris5\pairtetris\cocos2d\cocos\2d\debug.win32\ccprogresstimer.obj
d:\svn\finaltetris5\pairtetris\cocos2d\cocos\2d\debug.win32\ccspriteframe.obj
d:\svn\finaltetris5\pairtetris\cocos2d\cocos\2d\debug.win32\cctilemapatlas.obj
d:\svn\finaltetris5\pairtetris\cocos2d\cocos\2d\debug.win32\cctypes.obj
d:\svn\finaltetris5\pairtetris\cocos2d\cocos\2d\debug.win32\cocos2d.obj
d:\svn\finaltetris5\pairtetris\cocos2d\cocos\2d\debug.win32\ccimage.obj
d:\svn\finaltetris5\pairtetris\cocos2d\cocos\2d\debug.win32\ccfileutilswin32.obj
d:\svn\finaltetris5\pairtetris\cocos2d\cocos\2d\debug.win32\ccrendermaterial.obj
d:\svn\finaltetris5\pairtetris\cocos2d\cocos\2d\debug.win32\tgalib.obj
d:\svn\finaltetris5\pairtetris\cocos2d\cocos\2d\debug.win32\edtaa3func.obj
d:\svn\finaltetris5\pairtetris\cocos2d\cocos\2d\debug.win32\ccconsole.obj
d:\svn\finaltetris5\pairtetris\cocos2d\cocos\2d\debug.win32\ccphysicsworldinfo_chipmunk.obj
d:\svn\finaltetris5\pairtetris\cocos2d\cocos\2d\debug.win32\ccactioninstant.obj
d:\svn\finaltetris5\pairtetris\cocos2d\cocos\2d\debug.win32\ccanimationcache.obj
d:\svn\finaltetris5\pairtetris\cocos2d\cocos\2d\debug.win32\ccdrawnode.obj
d:\svn\finaltetris5\pairtetris\cocos2d\cocos\2d\debug.win32\cceventlistenermouse.obj
d:\svn\finaltetris5\pairtetris\cocos2d\cocos\2d\debug.win32\cceventtouch.obj
d:\svn\finaltetris5\pairtetris\cocos2d\cocos\2d\debug.win32\ccfpsimages.obj
d:\svn\finaltetris5\pairtetris\cocos2d\cocos\2d\debug.win32\ccglstatecache.obj
d:\svn\finaltetris5\pairtetris\cocos2d\cocos\2d\debug.win32\cclabeltextformatter.obj
d:\svn\finaltetris5\pairtetris\cocos2d\cocos\2d\debug.win32\ccparallaxnode.obj
d:\svn\finaltetris5\pairtetris\cocos2d\cocos\2d\debug.win32\ccrendertexture.obj
d:\svn\finaltetris5\pairtetris\cocos2d\cocos\2d\debug.win32\cctextfieldttf.obj
d:\svn\finaltetris5\pairtetris\cocos2d\cocos\2d\debug.win32\cctmxlayer.obj
d:\svn\finaltetris5\pairtetris\cocos2d\cocos\2d\debug.win32\ccuserdefault.obj
d:\svn\finaltetris5\pairtetris\cocos2d\cocos\2d\debug.win32\ccthread.obj
d:\svn\finaltetris5\pairtetris\cocos2d\cocos\2d\debug.win32\ccfrustum.obj
d:\svn\finaltetris5\pairtetris\cocos2d\cocos\2d\debug.win32\transformutils.obj
d:\svn\finaltetris5\pairtetris\cocos2d\cocos\2d\debug.win32\ioapi.obj
d:\svn\finaltetris5\pairtetris\cocos2d\cocos\2d\debug.win32\ccdatavisitor.obj
d:\svn\finaltetris5\pairtetris\cocos2d\cocos\2d\debug.win32\etc1.obj
d:\svn\finaltetris5\pairtetris\cocos2d\cocos\2d\debug.win32\s3tc.obj
d:\svn\finaltetris5\pairtetris\cocos2d\cocos\2d\debug.win32\ccphysicscontact.obj
d:\svn\finaltetris5\pairtetris\cocos2d\cocos\2d\debug.win32\ccaction.obj
d:\svn\finaltetris5\pairtetris\cocos2d\cocos\2d\debug.win32\ccactionpageturn3d.obj
d:\svn\finaltetris5\pairtetris\cocos2d\cocos\2d\debug.win32\ccclippingnode.obj
d:\svn\finaltetris5\pairtetris\cocos2d\cocos\2d\debug.win32\cceventacceleration.obj
d:\svn\finaltetris5\pairtetris\cocos2d\cocos\2d\debug.win32\cceventlistenercustom.obj
d:\svn\finaltetris5\pairtetris\cocos2d\cocos\2d\debug.win32\cceventmouse.obj
d:\svn\finaltetris5\pairtetris\cocos2d\cocos\2d\debug.win32\ccfontfnt.obj
d:\svn\finaltetris5\pairtetris\cocos2d\cocos\2d\debug.win32\cclabel.obj
d:\svn\finaltetris5\pairtetris\cocos2d\cocos\2d\debug.win32\ccparticlebatchnode.obj
d:\svn\finaltetris5\pairtetris\cocos2d\cocos\2d\debug.win32\ccscheduler.obj
d:\svn\finaltetris5\pairtetris\cocos2d\cocos\2d\debug.win32\cctexture2d.obj
d:\svn\finaltetris5\pairtetris\cocos2d\cocos\2d\debug.win32\cctmxxmlparser.obj
d:\svn\finaltetris5\pairtetris\cocos2d\cocos\2d\debug.win32\ccutils.obj
d:\svn\finaltetris5\pairtetris\cocos2d\cocos\2d\debug.win32\ccvertex.obj
d:\svn\finaltetris5\pairtetris\cocos2d\cocos\2d\debug.win32\cccommon.obj
d:\svn\finaltetris5\pairtetris\cocos2d\cocos\2d\debug.win32\ccdevice.obj
d:\svn\finaltetris5\pairtetris\cocos2d\cocos\2d\debug.win32\ccrendercommand.obj
d:\svn\finaltetris5\pairtetris\cocos2d\cocos\2d\debug.win32\unzip.obj
d:\svn\finaltetris5\pairtetris\cocos2d\cocos\2d\debug.win32\ccset.obj
d:\svn\finaltetris5\pairtetris\cocos2d\cocos\2d\debug.win32\ccstring.obj
d:\svn\finaltetris5\pairtetris\cocos2d\cocos\2d\debug.win32\ccphysicsbodyinfo_chipmunk.obj
d:\svn\finaltetris5\pairtetris\cocos2d\cocos\2d\debug.win32\ccphysicscontactinfo_chipmunk.obj
d:\svn\finaltetris5\pairtetris\cocos2d\cocos\2d\debug.win32\ccphysicsjointinfo_chipmunk.obj
d:\svn\finaltetris5\pairtetris\cocos2d\cocos\2d\debug.win32\ccactioncamera.obj
d:\svn\finaltetris5\pairtetris\cocos2d\cocos\2d\debug.win32\ccactionmanager.obj
d:\svn\finaltetris5\pairtetris\cocos2d\cocos\2d\debug.win32\cccarray.obj
d:\svn\finaltetris5\pairtetris\cocos2d\cocos\2d\debug.win32\ccdeprecated.obj
d:\svn\finaltetris5\pairtetris\cocos2d\cocos\2d\debug.win32\ccfont.obj
d:\svn\finaltetris5\pairtetris\cocos2d\cocos\2d\debug.win32\ccgrabber.obj
d:\svn\finaltetris5\pairtetris\cocos2d\cocos\2d\debug.win32\cclabelttf.obj
d:\svn\finaltetris5\pairtetris\cocos2d\cocos\2d\debug.win32\ccnotificationcenter.obj
d:\svn\finaltetris5\pairtetris\cocos2d\cocos\2d\debug.win32\ccparticlesystemquad.obj
d:\svn\finaltetris5\pairtetris\cocos2d\cocos\2d\debug.win32\ccshadercache.obj
d:\svn\finaltetris5\pairtetris\cocos2d\cocos\2d\debug.win32\cctexturecache.obj
d:\svn\finaltetris5\pairtetris\cocos2d\cocos\2d\debug.win32\cctransitionpageturn.obj
d:\svn\finaltetris5\pairtetris\cocos2d\cocos\2d\debug.win32\ccfileutils.obj
d:\svn\finaltetris5\pairtetris\cocos2d\cocos\2d\debug.win32\ccgroupcommand.obj
c:\users\leein\desktop\pairtetris\proj.win32\debug.win32\libcocos2d.lib
d:\svn\finaltetris5\pairtetris\proj.win32\debug.win32\libcocos2d.lib
d:\svn\finaltetris5\pairtetris\cocos2d\cocos\2d\debug.win32\libcocos2d.tlog\cl.command.1.tlog
d:\svn\finaltetris5\pairtetris\cocos2d\cocos\2d\debug.win32\libcocos2d.tlog\cl.read.1.tlog
d:\svn\finaltetris5\pairtetris\cocos2d\cocos\2d\debug.win32\libcocos2d.tlog\cl.write.1.tlog
d:\svn\finaltetris5\pairtetris\cocos2d\cocos\2d\debug.win32\libcocos2d.tlog\lib-link.read.1.tlog
d:\svn\finaltetris5\pairtetris\cocos2d\cocos\2d\debug.win32\libcocos2d.tlog\lib-link.write.1.tlog
d:\svn\finaltetris5\pairtetris\cocos2d\cocos\2d\debug.win32\libcocos2d.tlog\lib.command.1.tlog
